22:04:26 INFO  : Registering command handlers for SDK TCF services
22:04:26 INFO  : Launching XSCT server: xsct -n -interactive /home/csl-403/Downloads/YOLO/YOLO.sdk/temp_xsdb_launch_script.tcl
22:04:27 INFO  : XSCT server has started successfully.
22:04:27 INFO  : Successfully done setting XSCT server connection channel  
22:04:27 INFO  : Successfully done setting SDK workspace  
22:04:27 INFO  : Processing command line option -hwspec /home/csl-403/Downloads/YOLO/YOLO.sdk/design_1_wrapper.hdf.
00:00:05 INFO  : SDK has detected change in the last modified timestamps for source hardware specification file Source:1480915896000,  Project:1701749005000
00:00:05 INFO  : Project design_1_wrapper_hw_platform_0's source hardware specification located at /home/csl-403/Downloads/YOLO/YOLO.sdk/design_1_wrapper.hdf is now different from the local copy.
		 The local copy will be replaced with the source specification and your workspace will be updated.
00:00:39 INFO  : Copied contents of /home/csl-403/Downloads/YOLO/YOLO.sdk/design_1_wrapper.hdf into /design_1_wrapper_hw_platform_0/system.hdf.
00:00:40 INFO  : Synchronizing projects in the workspace with the hardware platform specification changes.
00:00:40 INFO  : Clearing existing target manager status.
00:00:40 INFO  : Workspace synchronized with the new hardware specification file. Cleaning dependent projects...
00:00:40 WARN  : Linker script will not be updated automatically. Users need to update it manually.
00:14:58 ERROR : (XSDB Server)Hangup

17:31:51 INFO  : Registering command handlers for SDK TCF services
17:31:51 INFO  : Launching XSCT server: xsct -n -interactive /home/csl-403/Downloads/YOLO/YOLO.sdk/temp_xsdb_launch_script.tcl
17:31:52 INFO  : XSCT server has started successfully.
17:31:53 INFO  : Successfully done setting XSCT server connection channel  
17:31:53 INFO  : Successfully done setting SDK workspace  
17:31:53 INFO  : Processing command line option -hwspec /home/csl-403/Downloads/YOLO/YOLO.sdk/design_1_wrapper.hdf.
17:31:53 INFO  : Checking for hwspec changes in the project design_1_wrapper_hw_platform_0.
17:31:54 INFO  : SDK has detected change in the last modified timestamps for source hardware specification file Source:1701991880000,  Project:1480915896000
17:31:54 INFO  : The hardware specification for project 'design_1_wrapper_hw_platform_0' is different from /home/csl-403/Downloads/YOLO/YOLO.sdk/design_1_wrapper.hdf.
17:31:54 INFO  : Copied contents of /home/csl-403/Downloads/YOLO/YOLO.sdk/design_1_wrapper.hdf into /design_1_wrapper_hw_platform_0/system.hdf.
17:31:55 INFO  : Synchronizing projects in the workspace with the hardware platform specification changes.
17:31:55 INFO  : Clearing existing target manager status.
17:31:55 INFO  : Workspace synchronized with the new hardware specification file. Cleaning dependent projects...
17:31:55 WARN  : Linker script will not be updated automatically. Users need to update it manually.
17:36:45 INFO  : Connected to target on host '127.0.0.1' and port '3121'.
17:37:18 INFO  : Registering command handlers for SDK TCF services
17:37:19 INFO  : Launching XSCT server: xsct -n -interactive /home/csl-403/Downloads/YOLO/YOLO.sdk/temp_xsdb_launch_script.tcl
17:37:20 INFO  : XSCT server has started successfully.
17:37:20 INFO  : Successfully done setting XSCT server connection channel  
17:37:20 INFO  : Successfully done setting SDK workspace  
17:37:20 INFO  : Processing command line option -hwspec /home/csl-403/Downloads/YOLO/YOLO.sdk/design_1_wrapper.hdf.
17:37:20 INFO  : Checking for hwspec changes in the project design_1_wrapper_hw_platform_0.
17:46:10 INFO  : Connected to target on host '127.0.0.1' and port '3121'.
17:46:59 INFO  : Connected to target on host '127.0.0.1' and port '3121'.
17:48:19 INFO  : Connected to target on host '127.0.0.1' and port '3121'.
17:53:52 INFO  : Connected to target on host '127.0.0.1' and port '3121'.
18:37:57 INFO  : Connected to target on host '127.0.0.1' and port '3121'.
18:40:01 INFO  : Connected to target on host '127.0.0.1' and port '3121'.
18:42:16 INFO  : Connected to target on host '127.0.0.1' and port '3121'.
18:43:29 ERROR : (XSDB Server)Hangup

18:44:59 INFO  : Registering command handlers for SDK TCF services
18:45:00 INFO  : Launching XSCT server: xsct -n -interactive /home/csl-403/Downloads/YOLO/YOLO.sdk/temp_xsdb_launch_script.tcl
18:45:01 INFO  : XSCT server has started successfully.
18:45:01 INFO  : Successfully done setting XSCT server connection channel  
18:45:01 INFO  : Successfully done setting SDK workspace  
18:45:01 INFO  : Processing command line option -hwspec /home/csl-403/Downloads/YOLO/YOLO.sdk/design_1_wrapper.hdf.
18:45:01 INFO  : Checking for hwspec changes in the project design_1_wrapper_hw_platform_0.
18:45:06 INFO  : Connected to target on host '127.0.0.1' and port '3121'.
18:45:34 INFO  : Connected to target on host '127.0.0.1' and port '3121'.
18:58:58 INFO  : Registering command handlers for SDK TCF services
18:58:59 INFO  : Launching XSCT server: xsct -n -interactive /home/csl-403/Downloads/YOLO/YOLO.sdk/temp_xsdb_launch_script.tcl
18:59:00 INFO  : XSCT server has started successfully.
18:59:00 INFO  : Successfully done setting XSCT server connection channel  
18:59:00 INFO  : Successfully done setting SDK workspace  
18:59:00 INFO  : Processing command line option -hwspec /home/csl-403/Downloads/YOLO/YOLO.sdk/design_1_wrapper.hdf.
18:59:00 INFO  : Checking for hwspec changes in the project design_1_wrapper_hw_platform_0.
18:59:03 INFO  : Connected to target on host '127.0.0.1' and port '3121'.
18:59:42 INFO  : Connected to target on host '127.0.0.1' and port '3121'.
19:04:12 INFO  : Connected to target on host '127.0.0.1' and port '3121'.
19:04:12 INFO  : 'targets -set -filter {jtag_cable_name =~ "Xilinx TUL 1234-tulA" && level==0} -index 1' command is executed.
19:04:15 INFO  : FPGA configured successfully with bitstream "/home/csl-403/Downloads/YOLO/YOLO.sdk/design_1_wrapper_hw_platform_0/design_1_wrapper.bit"
19:04:21 INFO  : 'targets -set -filter {jtag_cable_name =~ "Xilinx TUL 1234-tulA" && level==0} -index 1' command is executed.
19:04:21 INFO  : 'fpga -state' command is executed.
19:04:21 INFO  : Connected to target on host '127.0.0.1' and port '3121'.
19:04:21 INFO  : Jtag cable 'Xilinx TUL 1234-tulA' is selected.
19:04:21 INFO  : 'jtag frequency' command is executed.
19:04:21 INFO  : Sourcing of '/home/csl-403/Downloads/YOLO/YOLO.sdk/design_1_wrapper_hw_platform_0/ps7_init.tcl' is done.
19:04:21 INFO  : Context for 'APU' is selected.
19:04:21 INFO  : Hardware design information is loaded from '/home/csl-403/Downloads/YOLO/YOLO.sdk/design_1_wrapper_hw_platform_0/system.hdf'.
19:04:21 INFO  : 'configparams force-mem-access 1' command is executed.
19:04:21 INFO  : Context for 'APU' is selected.
19:04:21 INFO  : 'stop' command is executed.
19:04:22 INFO  : 'ps7_init' command is executed.
19:04:22 INFO  : 'ps7_post_config' command is executed.
19:04:22 INFO  : 'configparams force-mem-access 0' command is executed.
19:04:22 INFO  : ----------------XSDB Script----------------
connect -url tcp:127.0.0.1:3121
source /home/csl-403/Downloads/YOLO/YOLO.sdk/design_1_wrapper_hw_platform_0/ps7_init.tcl
targets -set -nocase -filter {name =~"APU*" && jtag_cable_name =~ "Xilinx TUL 1234-tulA"} -index 0
loadhw -hw /home/csl-403/Downloads/YOLO/YOLO.sdk/design_1_wrapper_hw_platform_0/system.hdf -mem-ranges [list {0x40000000 0xbfffffff}]
configparams force-mem-access 1
targets -set -nocase -filter {name =~"APU*" && jtag_cable_name =~ "Xilinx TUL 1234-tulA"} -index 0
stop
ps7_init
ps7_post_config
configparams force-mem-access 0
----------------End of Script----------------

19:04:22 INFO  : Memory regions updated for context APU
19:04:22 INFO  : Launch script is exported to file '/home/csl-403/Downloads/YOLO/YOLO.sdk/.sdk/launch_scripts/xilinx_c-c++_application_(system_debugger)/system_debugger_using_debug_pr1.elf_on_local.tcl'
19:06:29 INFO  : Disconnected from the channel tcfchan#1.
19:06:32 INFO  : 'targets -set -filter {jtag_cable_name =~ "Xilinx TUL 1234-tulA" && level==0} -index 1' command is executed.
19:06:32 INFO  : 'fpga -state' command is executed.
19:06:32 INFO  : Connected to target on host '127.0.0.1' and port '3121'.
19:06:32 INFO  : Jtag cable 'Xilinx TUL 1234-tulA' is selected.
19:06:32 INFO  : 'jtag frequency' command is executed.
19:06:32 INFO  : Sourcing of '/home/csl-403/Downloads/YOLO/YOLO.sdk/design_1_wrapper_hw_platform_0/ps7_init.tcl' is done.
19:06:32 INFO  : Context for 'APU' is selected.
19:06:32 INFO  : Hardware design information is loaded from '/home/csl-403/Downloads/YOLO/YOLO.sdk/design_1_wrapper_hw_platform_0/system.hdf'.
19:06:32 INFO  : 'configparams force-mem-access 1' command is executed.
19:06:32 INFO  : Context for 'APU' is selected.
19:06:32 INFO  : 'stop' command is executed.
19:06:33 INFO  : 'ps7_init' command is executed.
19:06:33 INFO  : 'ps7_post_config' command is executed.
19:06:33 INFO  : 'configparams force-mem-access 0' command is executed.
19:06:33 INFO  : ----------------XSDB Script----------------
connect -url tcp:127.0.0.1:3121
source /home/csl-403/Downloads/YOLO/YOLO.sdk/design_1_wrapper_hw_platform_0/ps7_init.tcl
targets -set -nocase -filter {name =~"APU*" && jtag_cable_name =~ "Xilinx TUL 1234-tulA"} -index 0
loadhw -hw /home/csl-403/Downloads/YOLO/YOLO.sdk/design_1_wrapper_hw_platform_0/system.hdf -mem-ranges [list {0x40000000 0xbfffffff}]
configparams force-mem-access 1
targets -set -nocase -filter {name =~"APU*" && jtag_cable_name =~ "Xilinx TUL 1234-tulA"} -index 0
stop
ps7_init
ps7_post_config
configparams force-mem-access 0
----------------End of Script----------------

19:06:33 INFO  : Memory regions updated for context APU
19:06:33 INFO  : Launch script is exported to file '/home/csl-403/Downloads/YOLO/YOLO.sdk/.sdk/launch_scripts/xilinx_c-c++_application_(system_debugger)/system_debugger_using_debug_pr1.elf_on_local.tcl'
19:09:43 INFO  : Disconnected from the channel tcfchan#2.
19:09:52 INFO  : 'targets -set -filter {jtag_cable_name =~ "Xilinx TUL 1234-tulA" && level==0} -index 1' command is executed.
19:09:52 INFO  : 'fpga -state' command is executed.
19:09:52 INFO  : Connected to target on host '127.0.0.1' and port '3121'.
19:09:52 INFO  : Jtag cable 'Xilinx TUL 1234-tulA' is selected.
19:09:52 INFO  : 'jtag frequency' command is executed.
19:09:52 INFO  : Sourcing of '/home/csl-403/Downloads/YOLO/YOLO.sdk/design_1_wrapper_hw_platform_0/ps7_init.tcl' is done.
19:09:52 INFO  : Context for 'APU' is selected.
19:09:53 INFO  : Hardware design information is loaded from '/home/csl-403/Downloads/YOLO/YOLO.sdk/design_1_wrapper_hw_platform_0/system.hdf'.
19:09:53 INFO  : 'configparams force-mem-access 1' command is executed.
19:09:53 INFO  : Context for 'APU' is selected.
19:09:53 INFO  : 'stop' command is executed.
19:09:53 INFO  : 'ps7_init' command is executed.
19:09:53 INFO  : 'ps7_post_config' command is executed.
19:09:53 INFO  : 'configparams force-mem-access 0' command is executed.
19:09:53 INFO  : ----------------XSDB Script----------------
connect -url tcp:127.0.0.1:3121
source /home/csl-403/Downloads/YOLO/YOLO.sdk/design_1_wrapper_hw_platform_0/ps7_init.tcl
targets -set -nocase -filter {name =~"APU*" && jtag_cable_name =~ "Xilinx TUL 1234-tulA"} -index 0
loadhw -hw /home/csl-403/Downloads/YOLO/YOLO.sdk/design_1_wrapper_hw_platform_0/system.hdf -mem-ranges [list {0x40000000 0xbfffffff}]
configparams force-mem-access 1
targets -set -nocase -filter {name =~"APU*" && jtag_cable_name =~ "Xilinx TUL 1234-tulA"} -index 0
stop
ps7_init
ps7_post_config
configparams force-mem-access 0
----------------End of Script----------------

19:09:53 INFO  : Memory regions updated for context APU
19:09:53 INFO  : Launch script is exported to file '/home/csl-403/Downloads/YOLO/YOLO.sdk/.sdk/launch_scripts/xilinx_c-c++_application_(system_debugger)/system_debugger_using_debug_pr1.elf_on_local.tcl'
19:15:05 INFO  : Disconnected from the channel tcfchan#3.
19:15:07 INFO  : 'targets -set -filter {jtag_cable_name =~ "Xilinx TUL 1234-tulA" && level==0} -index 1' command is executed.
19:15:07 INFO  : 'fpga -state' command is executed.
19:15:07 INFO  : Connected to target on host '127.0.0.1' and port '3121'.
19:15:07 INFO  : Jtag cable 'Xilinx TUL 1234-tulA' is selected.
19:15:07 INFO  : 'jtag frequency' command is executed.
19:15:07 INFO  : Sourcing of '/home/csl-403/Downloads/YOLO/YOLO.sdk/design_1_wrapper_hw_platform_0/ps7_init.tcl' is done.
19:15:07 INFO  : Context for 'APU' is selected.
19:15:08 INFO  : Hardware design information is loaded from '/home/csl-403/Downloads/YOLO/YOLO.sdk/design_1_wrapper_hw_platform_0/system.hdf'.
19:15:08 INFO  : 'configparams force-mem-access 1' command is executed.
19:15:08 INFO  : Context for 'APU' is selected.
19:15:08 INFO  : 'stop' command is executed.
19:15:08 INFO  : 'ps7_init' command is executed.
19:15:08 INFO  : 'ps7_post_config' command is executed.
19:15:08 INFO  : 'configparams force-mem-access 0' command is executed.
19:15:08 INFO  : ----------------XSDB Script----------------
connect -url tcp:127.0.0.1:3121
source /home/csl-403/Downloads/YOLO/YOLO.sdk/design_1_wrapper_hw_platform_0/ps7_init.tcl
targets -set -nocase -filter {name =~"APU*" && jtag_cable_name =~ "Xilinx TUL 1234-tulA"} -index 0
loadhw -hw /home/csl-403/Downloads/YOLO/YOLO.sdk/design_1_wrapper_hw_platform_0/system.hdf -mem-ranges [list {0x40000000 0xbfffffff}]
configparams force-mem-access 1
targets -set -nocase -filter {name =~"APU*" && jtag_cable_name =~ "Xilinx TUL 1234-tulA"} -index 0
stop
ps7_init
ps7_post_config
configparams force-mem-access 0
----------------End of Script----------------

19:15:08 INFO  : Memory regions updated for context APU
19:15:08 INFO  : Launch script is exported to file '/home/csl-403/Downloads/YOLO/YOLO.sdk/.sdk/launch_scripts/xilinx_c-c++_application_(system_debugger)/system_debugger_using_debug_pr1.elf_on_local.tcl'
19:19:06 INFO  : Disconnected from the channel tcfchan#4.
19:20:48 INFO  : 'targets -set -filter {jtag_cable_name =~ "Xilinx TUL 1234-tulA" && level==0} -index 1' command is executed.
19:20:48 INFO  : 'fpga -state' command is executed.
19:20:48 INFO  : Connected to target on host '127.0.0.1' and port '3121'.
19:20:48 INFO  : Jtag cable 'Xilinx TUL 1234-tulA' is selected.
19:20:48 INFO  : 'jtag frequency' command is executed.
19:20:48 INFO  : Sourcing of '/home/csl-403/Downloads/YOLO/YOLO.sdk/design_1_wrapper_hw_platform_0/ps7_init.tcl' is done.
19:20:48 INFO  : Context for 'APU' is selected.
19:20:49 INFO  : Hardware design information is loaded from '/home/csl-403/Downloads/YOLO/YOLO.sdk/design_1_wrapper_hw_platform_0/system.hdf'.
19:20:49 INFO  : 'configparams force-mem-access 1' command is executed.
19:20:49 INFO  : Context for 'APU' is selected.
19:20:49 INFO  : 'stop' command is executed.
19:20:49 INFO  : 'ps7_init' command is executed.
19:20:49 INFO  : 'ps7_post_config' command is executed.
19:20:49 INFO  : 'configparams force-mem-access 0' command is executed.
19:20:49 INFO  : ----------------XSDB Script----------------
connect -url tcp:127.0.0.1:3121
source /home/csl-403/Downloads/YOLO/YOLO.sdk/design_1_wrapper_hw_platform_0/ps7_init.tcl
targets -set -nocase -filter {name =~"APU*" && jtag_cable_name =~ "Xilinx TUL 1234-tulA"} -index 0
loadhw -hw /home/csl-403/Downloads/YOLO/YOLO.sdk/design_1_wrapper_hw_platform_0/system.hdf -mem-ranges [list {0x40000000 0xbfffffff}]
configparams force-mem-access 1
targets -set -nocase -filter {name =~"APU*" && jtag_cable_name =~ "Xilinx TUL 1234-tulA"} -index 0
stop
ps7_init
ps7_post_config
configparams force-mem-access 0
----------------End of Script----------------

19:20:49 INFO  : Memory regions updated for context APU
19:20:49 INFO  : Launch script is exported to file '/home/csl-403/Downloads/YOLO/YOLO.sdk/.sdk/launch_scripts/xilinx_c-c++_application_(system_debugger)/system_debugger_using_debug_pr1.elf_on_local.tcl'
19:23:17 INFO  : Disconnected from the channel tcfchan#5.
19:28:29 INFO  : Connected to target on host '127.0.0.1' and port '3121'.
19:28:29 INFO  : 'targets -set -filter {jtag_cable_name =~ "Xilinx TUL 1234-tulA" && level==0} -index 1' command is executed.
19:28:31 INFO  : FPGA configured successfully with bitstream "/home/csl-403/Downloads/YOLO/YOLO.sdk/design_1_wrapper_hw_platform_0/design_1_wrapper.bit"
19:28:34 INFO  : 'targets -set -filter {jtag_cable_name =~ "Xilinx TUL 1234-tulA" && level==0} -index 1' command is executed.
19:28:34 INFO  : 'fpga -state' command is executed.
19:28:34 INFO  : Connected to target on host '127.0.0.1' and port '3121'.
19:28:35 INFO  : Jtag cable 'Xilinx TUL 1234-tulA' is selected.
19:28:35 INFO  : 'jtag frequency' command is executed.
19:28:35 INFO  : Sourcing of '/home/csl-403/Downloads/YOLO/YOLO.sdk/design_1_wrapper_hw_platform_0/ps7_init.tcl' is done.
19:28:35 INFO  : Context for 'APU' is selected.
19:28:35 INFO  : Hardware design information is loaded from '/home/csl-403/Downloads/YOLO/YOLO.sdk/design_1_wrapper_hw_platform_0/system.hdf'.
19:28:35 INFO  : 'configparams force-mem-access 1' command is executed.
19:28:35 INFO  : Context for 'APU' is selected.
19:28:35 INFO  : 'stop' command is executed.
19:28:35 INFO  : 'ps7_init' command is executed.
19:28:35 INFO  : 'ps7_post_config' command is executed.
19:28:35 INFO  : 'configparams force-mem-access 0' command is executed.
19:28:35 INFO  : ----------------XSDB Script----------------
connect -url tcp:127.0.0.1:3121
source /home/csl-403/Downloads/YOLO/YOLO.sdk/design_1_wrapper_hw_platform_0/ps7_init.tcl
targets -set -nocase -filter {name =~"APU*" && jtag_cable_name =~ "Xilinx TUL 1234-tulA"} -index 0
loadhw -hw /home/csl-403/Downloads/YOLO/YOLO.sdk/design_1_wrapper_hw_platform_0/system.hdf -mem-ranges [list {0x40000000 0xbfffffff}]
configparams force-mem-access 1
targets -set -nocase -filter {name =~"APU*" && jtag_cable_name =~ "Xilinx TUL 1234-tulA"} -index 0
stop
ps7_init
ps7_post_config
configparams force-mem-access 0
----------------End of Script----------------

19:28:35 INFO  : Memory regions updated for context APU
19:28:35 INFO  : Launch script is exported to file '/home/csl-403/Downloads/YOLO/YOLO.sdk/.sdk/launch_scripts/xilinx_c-c++_application_(system_debugger)/system_debugger_using_debug_pr1.elf_on_local.tcl'
19:29:20 INFO  : Disconnected from the channel tcfchan#6.
19:29:23 INFO  : 'targets -set -filter {jtag_cable_name =~ "Xilinx TUL 1234-tulA" && level==0} -index 1' command is executed.
19:29:23 INFO  : 'fpga -state' command is executed.
19:29:23 INFO  : Connected to target on host '127.0.0.1' and port '3121'.
19:29:23 INFO  : Jtag cable 'Xilinx TUL 1234-tulA' is selected.
19:29:23 INFO  : 'jtag frequency' command is executed.
19:29:23 INFO  : Sourcing of '/home/csl-403/Downloads/YOLO/YOLO.sdk/design_1_wrapper_hw_platform_0/ps7_init.tcl' is done.
19:29:23 INFO  : Context for 'APU' is selected.
19:29:23 INFO  : Hardware design information is loaded from '/home/csl-403/Downloads/YOLO/YOLO.sdk/design_1_wrapper_hw_platform_0/system.hdf'.
19:29:23 INFO  : 'configparams force-mem-access 1' command is executed.
19:29:23 INFO  : Context for 'APU' is selected.
19:29:23 INFO  : 'stop' command is executed.
19:29:24 INFO  : 'ps7_init' command is executed.
19:29:24 INFO  : 'ps7_post_config' command is executed.
19:29:24 INFO  : 'configparams force-mem-access 0' command is executed.
19:29:24 INFO  : ----------------XSDB Script----------------
connect -url tcp:127.0.0.1:3121
source /home/csl-403/Downloads/YOLO/YOLO.sdk/design_1_wrapper_hw_platform_0/ps7_init.tcl
targets -set -nocase -filter {name =~"APU*" && jtag_cable_name =~ "Xilinx TUL 1234-tulA"} -index 0
loadhw -hw /home/csl-403/Downloads/YOLO/YOLO.sdk/design_1_wrapper_hw_platform_0/system.hdf -mem-ranges [list {0x40000000 0xbfffffff}]
configparams force-mem-access 1
targets -set -nocase -filter {name =~"APU*" && jtag_cable_name =~ "Xilinx TUL 1234-tulA"} -index 0
stop
ps7_init
ps7_post_config
configparams force-mem-access 0
----------------End of Script----------------

19:29:24 INFO  : Memory regions updated for context APU
19:29:24 INFO  : Launch script is exported to file '/home/csl-403/Downloads/YOLO/YOLO.sdk/.sdk/launch_scripts/xilinx_c-c++_application_(system_debugger)/system_debugger_using_debug_pr1.elf_on_local.tcl'
19:33:18 INFO  : Connected to target on host '127.0.0.1' and port '3121'.
19:33:18 INFO  : 'targets -set -filter {jtag_cable_name =~ "Xilinx TUL 1234-tulA" && level==0} -index 1' command is executed.
19:33:20 INFO  : FPGA configured successfully with bitstream "/home/csl-403/Downloads/YOLO/YOLO.sdk/design_1_wrapper_hw_platform_0/design_1_wrapper.bit"
19:33:33 INFO  : Disconnected from the channel tcfchan#7.
19:33:37 INFO  : 'targets -set -filter {jtag_cable_name =~ "Xilinx TUL 1234-tulA" && level==0} -index 1' command is executed.
19:33:37 INFO  : 'fpga -state' command is executed.
19:33:37 INFO  : Connected to target on host '127.0.0.1' and port '3121'.
19:33:37 INFO  : Jtag cable 'Xilinx TUL 1234-tulA' is selected.
19:33:37 INFO  : 'jtag frequency' command is executed.
19:33:37 INFO  : Sourcing of '/home/csl-403/Downloads/YOLO/YOLO.sdk/design_1_wrapper_hw_platform_0/ps7_init.tcl' is done.
19:33:37 INFO  : Context for 'APU' is selected.
19:33:37 INFO  : Hardware design information is loaded from '/home/csl-403/Downloads/YOLO/YOLO.sdk/design_1_wrapper_hw_platform_0/system.hdf'.
19:33:37 INFO  : 'configparams force-mem-access 1' command is executed.
19:33:37 INFO  : Context for 'APU' is selected.
19:33:37 INFO  : 'stop' command is executed.
19:33:38 INFO  : 'ps7_init' command is executed.
19:33:38 INFO  : 'ps7_post_config' command is executed.
19:33:38 INFO  : 'configparams force-mem-access 0' command is executed.
19:33:38 INFO  : ----------------XSDB Script----------------
connect -url tcp:127.0.0.1:3121
source /home/csl-403/Downloads/YOLO/YOLO.sdk/design_1_wrapper_hw_platform_0/ps7_init.tcl
targets -set -nocase -filter {name =~"APU*" && jtag_cable_name =~ "Xilinx TUL 1234-tulA"} -index 0
loadhw -hw /home/csl-403/Downloads/YOLO/YOLO.sdk/design_1_wrapper_hw_platform_0/system.hdf -mem-ranges [list {0x40000000 0xbfffffff}]
configparams force-mem-access 1
targets -set -nocase -filter {name =~"APU*" && jtag_cable_name =~ "Xilinx TUL 1234-tulA"} -index 0
stop
ps7_init
ps7_post_config
configparams force-mem-access 0
----------------End of Script----------------

19:33:38 INFO  : Memory regions updated for context APU
19:33:38 INFO  : Launch script is exported to file '/home/csl-403/Downloads/YOLO/YOLO.sdk/.sdk/launch_scripts/xilinx_c-c++_application_(system_debugger)/system_debugger_using_debug_pr1.elf_on_local.tcl'
19:34:26 INFO  : Disconnected from the channel tcfchan#8.
19:34:28 INFO  : 'targets -set -filter {jtag_cable_name =~ "Xilinx TUL 1234-tulA" && level==0} -index 1' command is executed.
19:34:28 INFO  : 'fpga -state' command is executed.
19:34:28 INFO  : Connected to target on host '127.0.0.1' and port '3121'.
19:34:28 INFO  : Jtag cable 'Xilinx TUL 1234-tulA' is selected.
19:34:28 INFO  : 'jtag frequency' command is executed.
19:34:28 INFO  : Sourcing of '/home/csl-403/Downloads/YOLO/YOLO.sdk/design_1_wrapper_hw_platform_0/ps7_init.tcl' is done.
19:34:28 INFO  : Context for 'APU' is selected.
19:34:29 INFO  : Hardware design information is loaded from '/home/csl-403/Downloads/YOLO/YOLO.sdk/design_1_wrapper_hw_platform_0/system.hdf'.
19:34:29 INFO  : 'configparams force-mem-access 1' command is executed.
19:34:29 INFO  : Context for 'APU' is selected.
19:34:29 INFO  : 'stop' command is executed.
19:34:29 INFO  : 'ps7_init' command is executed.
19:34:29 INFO  : 'ps7_post_config' command is executed.
19:34:29 INFO  : 'configparams force-mem-access 0' command is executed.
19:34:29 INFO  : ----------------XSDB Script----------------
connect -url tcp:127.0.0.1:3121
source /home/csl-403/Downloads/YOLO/YOLO.sdk/design_1_wrapper_hw_platform_0/ps7_init.tcl
targets -set -nocase -filter {name =~"APU*" && jtag_cable_name =~ "Xilinx TUL 1234-tulA"} -index 0
loadhw -hw /home/csl-403/Downloads/YOLO/YOLO.sdk/design_1_wrapper_hw_platform_0/system.hdf -mem-ranges [list {0x40000000 0xbfffffff}]
configparams force-mem-access 1
targets -set -nocase -filter {name =~"APU*" && jtag_cable_name =~ "Xilinx TUL 1234-tulA"} -index 0
stop
ps7_init
ps7_post_config
configparams force-mem-access 0
----------------End of Script----------------

19:34:29 INFO  : Memory regions updated for context APU
19:34:29 INFO  : Launch script is exported to file '/home/csl-403/Downloads/YOLO/YOLO.sdk/.sdk/launch_scripts/xilinx_c-c++_application_(system_debugger)/system_debugger_using_debug_pr1.elf_on_local.tcl'
19:34:33 INFO  : Connected to target on host '127.0.0.1' and port '3121'.
19:34:33 INFO  : 'targets -set -filter {jtag_cable_name =~ "Xilinx TUL 1234-tulA" && level==0} -index 1' command is executed.
19:34:35 INFO  : FPGA configured successfully with bitstream "/home/csl-403/Downloads/YOLO/YOLO.sdk/design_1_wrapper_hw_platform_0/design_1_wrapper.bit"
19:34:40 INFO  : Disconnected from the channel tcfchan#9.
19:34:44 INFO  : 'targets -set -filter {jtag_cable_name =~ "Xilinx TUL 1234-tulA" && level==0} -index 1' command is executed.
19:34:44 INFO  : 'fpga -state' command is executed.
19:34:44 INFO  : Connected to target on host '127.0.0.1' and port '3121'.
19:34:44 INFO  : Jtag cable 'Xilinx TUL 1234-tulA' is selected.
19:34:44 INFO  : 'jtag frequency' command is executed.
19:34:44 INFO  : Sourcing of '/home/csl-403/Downloads/YOLO/YOLO.sdk/design_1_wrapper_hw_platform_0/ps7_init.tcl' is done.
19:34:44 INFO  : Context for 'APU' is selected.
19:34:44 INFO  : Hardware design information is loaded from '/home/csl-403/Downloads/YOLO/YOLO.sdk/design_1_wrapper_hw_platform_0/system.hdf'.
19:34:44 INFO  : 'configparams force-mem-access 1' command is executed.
19:34:44 INFO  : Context for 'APU' is selected.
19:34:44 INFO  : 'stop' command is executed.
19:34:45 INFO  : 'ps7_init' command is executed.
19:34:45 INFO  : 'ps7_post_config' command is executed.
19:34:45 INFO  : 'configparams force-mem-access 0' command is executed.
19:34:45 INFO  : ----------------XSDB Script----------------
connect -url tcp:127.0.0.1:3121
source /home/csl-403/Downloads/YOLO/YOLO.sdk/design_1_wrapper_hw_platform_0/ps7_init.tcl
targets -set -nocase -filter {name =~"APU*" && jtag_cable_name =~ "Xilinx TUL 1234-tulA"} -index 0
loadhw -hw /home/csl-403/Downloads/YOLO/YOLO.sdk/design_1_wrapper_hw_platform_0/system.hdf -mem-ranges [list {0x40000000 0xbfffffff}]
configparams force-mem-access 1
targets -set -nocase -filter {name =~"APU*" && jtag_cable_name =~ "Xilinx TUL 1234-tulA"} -index 0
stop
ps7_init
ps7_post_config
configparams force-mem-access 0
----------------End of Script----------------

19:34:45 INFO  : Memory regions updated for context APU
19:34:45 INFO  : Launch script is exported to file '/home/csl-403/Downloads/YOLO/YOLO.sdk/.sdk/launch_scripts/xilinx_c-c++_application_(system_debugger)/system_debugger_using_debug_pr1.elf_on_local.tcl'
19:35:17 INFO  : Disconnected from the channel tcfchan#10.
18:59:10 INFO  : Registering command handlers for SDK TCF services
18:59:11 INFO  : Launching XSCT server: xsct.bat -interactive C:\Users\drpro\Downloads\YOLO2\YOLO\YOLO.sdk\temp_xsdb_launch_script.tcl
18:59:15 INFO  : XSCT server has started successfully.
18:59:15 INFO  : Successfully done setting XSCT server connection channel  
18:59:20 INFO  : Successfully done setting SDK workspace  
18:59:20 INFO  : Processing command line option -hwspec C:/Users/drpro/Downloads/YOLO2/YOLO/YOLO.sdk/design_1_wrapper.hdf.
19:09:50 INFO  : Connected to target on host '127.0.0.1' and port '3121'.
19:09:50 INFO  : 'targets -set -filter {jtag_cable_name =~ "Xilinx TUL 1234-tulA" && level==0} -index 1' command is executed.
19:09:53 INFO  : FPGA configured successfully with bitstream "C:/Users/drpro/Downloads/YOLO2/YOLO/YOLO.sdk/design_1_wrapper_hw_platform_0/design_1_wrapper.bit"
19:09:59 INFO  : 'targets -set -filter {jtag_cable_name =~ "Xilinx TUL 1234-tulA" && level==0} -index 1' command is executed.
19:09:59 INFO  : 'fpga -state' command is executed.
19:09:59 INFO  : Connected to target on host '127.0.0.1' and port '3121'.
19:09:59 INFO  : Jtag cable 'Xilinx TUL 1234-tulA' is selected.
19:09:59 INFO  : 'jtag frequency' command is executed.
19:09:59 INFO  : Sourcing of 'C:/Users/drpro/Downloads/YOLO2/YOLO/YOLO.sdk/design_1_wrapper_hw_platform_0/ps7_init.tcl' is done.
19:09:59 INFO  : Context for 'APU' is selected.
19:09:59 INFO  : Hardware design information is loaded from 'C:/Users/drpro/Downloads/YOLO2/YOLO/YOLO.sdk/design_1_wrapper_hw_platform_0/system.hdf'.
19:09:59 INFO  : 'configparams force-mem-access 1' command is executed.
19:09:59 INFO  : Context for 'APU' is selected.
19:09:59 INFO  : 'stop' command is executed.
19:10:00 INFO  : 'ps7_init' command is executed.
19:10:00 INFO  : 'ps7_post_config' command is executed.
19:10:00 INFO  : 'configparams force-mem-access 0' command is executed.
19:10:00 INFO  : ----------------XSDB Script----------------
connect -url tcp:127.0.0.1:3121
source C:/Users/drpro/Downloads/YOLO2/YOLO/YOLO.sdk/design_1_wrapper_hw_platform_0/ps7_init.tcl
targets -set -nocase -filter {name =~"APU*" && jtag_cable_name =~ "Xilinx TUL 1234-tulA"} -index 0
loadhw -hw C:/Users/drpro/Downloads/YOLO2/YOLO/YOLO.sdk/design_1_wrapper_hw_platform_0/system.hdf -mem-ranges [list {0x40000000 0xbfffffff}]
configparams force-mem-access 1
targets -set -nocase -filter {name =~"APU*" && jtag_cable_name =~ "Xilinx TUL 1234-tulA"} -index 0
stop
ps7_init
ps7_post_config
configparams force-mem-access 0
----------------End of Script----------------

19:10:00 INFO  : Memory regions updated for context APU
19:10:00 INFO  : Launch script is exported to file 'C:\Users\drpro\Downloads\YOLO2\YOLO\YOLO.sdk\.sdk\launch_scripts\xilinx_c-c++_application_(system_debugger)\system_debugger_using_debug_pr1.elf_on_local.tcl'
19:10:32 INFO  : Disconnected from the channel tcfchan#1.
19:10:37 INFO  : 'targets -set -filter {jtag_cable_name =~ "Xilinx TUL 1234-tulA" && level==0} -index 1' command is executed.
19:10:38 INFO  : 'fpga -state' command is executed.
19:10:38 INFO  : Connected to target on host '127.0.0.1' and port '3121'.
19:10:38 INFO  : Jtag cable 'Xilinx TUL 1234-tulA' is selected.
19:10:38 INFO  : 'jtag frequency' command is executed.
19:10:38 INFO  : Sourcing of 'C:/Users/drpro/Downloads/YOLO2/YOLO/YOLO.sdk/design_1_wrapper_hw_platform_0/ps7_init.tcl' is done.
19:10:38 INFO  : Context for 'APU' is selected.
19:10:40 INFO  : Hardware design information is loaded from 'C:/Users/drpro/Downloads/YOLO2/YOLO/YOLO.sdk/design_1_wrapper_hw_platform_0/system.hdf'.
19:10:40 INFO  : 'configparams force-mem-access 1' command is executed.
19:10:40 INFO  : Context for 'APU' is selected.
19:10:40 INFO  : 'stop' command is executed.
19:10:40 INFO  : 'ps7_init' command is executed.
19:10:40 INFO  : 'ps7_post_config' command is executed.
19:10:40 INFO  : 'configparams force-mem-access 0' command is executed.
19:10:40 INFO  : ----------------XSDB Script----------------
connect -url tcp:127.0.0.1:3121
source C:/Users/drpro/Downloads/YOLO2/YOLO/YOLO.sdk/design_1_wrapper_hw_platform_0/ps7_init.tcl
targets -set -nocase -filter {name =~"APU*" && jtag_cable_name =~ "Xilinx TUL 1234-tulA"} -index 0
loadhw -hw C:/Users/drpro/Downloads/YOLO2/YOLO/YOLO.sdk/design_1_wrapper_hw_platform_0/system.hdf -mem-ranges [list {0x40000000 0xbfffffff}]
configparams force-mem-access 1
targets -set -nocase -filter {name =~"APU*" && jtag_cable_name =~ "Xilinx TUL 1234-tulA"} -index 0
stop
ps7_init
ps7_post_config
configparams force-mem-access 0
----------------End of Script----------------

19:10:41 INFO  : Memory regions updated for context APU
19:10:41 INFO  : Launch script is exported to file 'C:\Users\drpro\Downloads\YOLO2\YOLO\YOLO.sdk\.sdk\launch_scripts\xilinx_c-c++_application_(system_debugger)\system_debugger_using_debug_pr1.elf_on_local.tcl'
19:11:14 INFO  : 'targets -set -filter {jtag_cable_name =~ "Xilinx TUL 1234-tulA" && level==0} -index 1' command is executed.
19:11:14 INFO  : 'fpga -state' command is executed.
19:11:14 INFO  : Connected to target on host '127.0.0.1' and port '3121'.
19:11:14 INFO  : Jtag cable 'Xilinx TUL 1234-tulA' is selected.
19:11:14 INFO  : 'jtag frequency' command is executed.
19:11:14 INFO  : Sourcing of 'C:/Users/drpro/Downloads/YOLO2/YOLO/YOLO.sdk/design_1_wrapper_hw_platform_0/ps7_init.tcl' is done.
19:11:14 INFO  : Context for 'APU' is selected.
19:11:14 INFO  : Hardware design information is loaded from 'C:/Users/drpro/Downloads/YOLO2/YOLO/YOLO.sdk/design_1_wrapper_hw_platform_0/system.hdf'.
19:11:14 INFO  : 'configparams force-mem-access 1' command is executed.
19:11:14 INFO  : Context for 'APU' is selected.
19:11:14 INFO  : 'stop' command is executed.
19:11:14 INFO  : 'ps7_init' command is executed.
19:11:14 INFO  : 'ps7_post_config' command is executed.
19:11:14 INFO  : Context for processor 'ps7_cortexa9_0' is selected.
19:11:14 INFO  : Processor reset is completed for 'ps7_cortexa9_0'.
19:11:14 INFO  : Context for processor 'ps7_cortexa9_0' is selected.
19:11:15 INFO  : The application 'C:/Users/drpro/Downloads/YOLO2/YOLO/YOLO.sdk/proj_1/Debug/proj_1.elf' is downloaded to processor 'ps7_cortexa9_0'.
19:11:15 INFO  : 'configparams force-mem-access 0' command is executed.
19:11:15 INFO  : ----------------XSDB Script----------------
connect -url tcp:127.0.0.1:3121
source C:/Users/drpro/Downloads/YOLO2/YOLO/YOLO.sdk/design_1_wrapper_hw_platform_0/ps7_init.tcl
targets -set -nocase -filter {name =~"APU*" && jtag_cable_name =~ "Xilinx TUL 1234-tulA"} -index 0
loadhw -hw C:/Users/drpro/Downloads/YOLO2/YOLO/YOLO.sdk/design_1_wrapper_hw_platform_0/system.hdf -mem-ranges [list {0x40000000 0xbfffffff}]
configparams force-mem-access 1
targets -set -nocase -filter {name =~"APU*" && jtag_cable_name =~ "Xilinx TUL 1234-tulA"} -index 0
stop
ps7_init
ps7_post_config
targets -set -nocase -filter {name =~ "ARM*#0" && jtag_cable_name =~ "Xilinx TUL 1234-tulA"} -index 0
rst -processor
targets -set -nocase -filter {name =~ "ARM*#0" && jtag_cable_name =~ "Xilinx TUL 1234-tulA"} -index 0
dow C:/Users/drpro/Downloads/YOLO2/YOLO/YOLO.sdk/proj_1/Debug/proj_1.elf
configparams force-mem-access 0
----------------End of Script----------------

19:11:15 INFO  : Context for processor 'ps7_cortexa9_0' is selected.
19:11:15 INFO  : 'con' command is executed.
19:11:15 INFO  : ----------------XSDB Script (After Launch)----------------
targets -set -nocase -filter {name =~ "ARM*#0" && jtag_cable_name =~ "Xilinx TUL 1234-tulA"} -index 0
con
----------------End of Script----------------

19:11:15 INFO  : Disconnected from the channel tcfchan#2.
19:13:07 INFO  : 'targets -set -filter {jtag_cable_name =~ "Xilinx TUL 1234-tulA" && level==0} -index 1' command is executed.
19:13:07 INFO  : 'fpga -state' command is executed.
19:13:07 INFO  : Connected to target on host '127.0.0.1' and port '3121'.
19:13:07 INFO  : Jtag cable 'Xilinx TUL 1234-tulA' is selected.
19:13:07 INFO  : 'jtag frequency' command is executed.
19:13:07 INFO  : Sourcing of 'C:/Users/drpro/Downloads/YOLO2/YOLO/YOLO.sdk/design_1_wrapper_hw_platform_0/ps7_init.tcl' is done.
19:13:07 INFO  : Context for 'APU' is selected.
19:13:07 INFO  : Hardware design information is loaded from 'C:/Users/drpro/Downloads/YOLO2/YOLO/YOLO.sdk/design_1_wrapper_hw_platform_0/system.hdf'.
19:13:07 INFO  : 'configparams force-mem-access 1' command is executed.
19:13:08 INFO  : Context for 'APU' is selected.
19:13:08 INFO  : 'stop' command is executed.
19:13:08 INFO  : 'ps7_init' command is executed.
19:13:08 INFO  : 'ps7_post_config' command is executed.
19:13:08 INFO  : Context for processor 'ps7_cortexa9_0' is selected.
19:13:08 INFO  : Processor reset is completed for 'ps7_cortexa9_0'.
19:13:08 INFO  : Context for processor 'ps7_cortexa9_0' is selected.
19:13:09 INFO  : The application 'C:/Users/drpro/Downloads/YOLO2/YOLO/YOLO.sdk/proj_1/Debug/proj_1.elf' is downloaded to processor 'ps7_cortexa9_0'.
19:13:09 INFO  : 'configparams force-mem-access 0' command is executed.
19:13:09 INFO  : ----------------XSDB Script----------------
connect -url tcp:127.0.0.1:3121
source C:/Users/drpro/Downloads/YOLO2/YOLO/YOLO.sdk/design_1_wrapper_hw_platform_0/ps7_init.tcl
targets -set -nocase -filter {name =~"APU*" && jtag_cable_name =~ "Xilinx TUL 1234-tulA"} -index 0
loadhw -hw C:/Users/drpro/Downloads/YOLO2/YOLO/YOLO.sdk/design_1_wrapper_hw_platform_0/system.hdf -mem-ranges [list {0x40000000 0xbfffffff}]
configparams force-mem-access 1
targets -set -nocase -filter {name =~"APU*" && jtag_cable_name =~ "Xilinx TUL 1234-tulA"} -index 0
stop
ps7_init
ps7_post_config
targets -set -nocase -filter {name =~ "ARM*#0" && jtag_cable_name =~ "Xilinx TUL 1234-tulA"} -index 0
rst -processor
targets -set -nocase -filter {name =~ "ARM*#0" && jtag_cable_name =~ "Xilinx TUL 1234-tulA"} -index 0
dow C:/Users/drpro/Downloads/YOLO2/YOLO/YOLO.sdk/proj_1/Debug/proj_1.elf
configparams force-mem-access 0
----------------End of Script----------------

19:13:09 INFO  : Context for processor 'ps7_cortexa9_0' is selected.
19:13:09 INFO  : 'con' command is executed.
19:13:09 INFO  : ----------------XSDB Script (After Launch)----------------
targets -set -nocase -filter {name =~ "ARM*#0" && jtag_cable_name =~ "Xilinx TUL 1234-tulA"} -index 0
con
----------------End of Script----------------

19:13:09 INFO  : Disconnected from the channel tcfchan#3.
19:14:35 WARN  : channel "tcfchan#2" closed
19:14:38 INFO  : 'targets -set -filter {jtag_cable_name =~ "Xilinx TUL 1234-tulA" && level==0} -index 1' command is executed.
19:14:38 INFO  : 'fpga -state' command is executed.
19:14:38 INFO  : Connected to target on host '127.0.0.1' and port '3121'.
19:14:38 INFO  : Jtag cable 'Xilinx TUL 1234-tulA' is selected.
19:14:38 INFO  : 'jtag frequency' command is executed.
19:14:38 INFO  : Sourcing of 'C:/Users/drpro/Downloads/YOLO2/YOLO/YOLO.sdk/design_1_wrapper_hw_platform_0/ps7_init.tcl' is done.
19:14:38 INFO  : Context for 'APU' is selected.
19:14:38 INFO  : Hardware design information is loaded from 'C:/Users/drpro/Downloads/YOLO2/YOLO/YOLO.sdk/design_1_wrapper_hw_platform_0/system.hdf'.
19:14:38 INFO  : 'configparams force-mem-access 1' command is executed.
19:14:38 INFO  : Context for 'APU' is selected.
19:14:38 INFO  : 'stop' command is executed.
19:14:39 INFO  : 'ps7_init' command is executed.
19:14:39 INFO  : 'ps7_post_config' command is executed.
19:14:39 INFO  : 'configparams force-mem-access 0' command is executed.
19:14:39 INFO  : ----------------XSDB Script----------------
connect -url tcp:127.0.0.1:3121
source C:/Users/drpro/Downloads/YOLO2/YOLO/YOLO.sdk/design_1_wrapper_hw_platform_0/ps7_init.tcl
targets -set -nocase -filter {name =~"APU*" && jtag_cable_name =~ "Xilinx TUL 1234-tulA"} -index 0
loadhw -hw C:/Users/drpro/Downloads/YOLO2/YOLO/YOLO.sdk/design_1_wrapper_hw_platform_0/system.hdf -mem-ranges [list {0x40000000 0xbfffffff}]
configparams force-mem-access 1
targets -set -nocase -filter {name =~"APU*" && jtag_cable_name =~ "Xilinx TUL 1234-tulA"} -index 0
stop
ps7_init
ps7_post_config
configparams force-mem-access 0
----------------End of Script----------------

19:14:39 INFO  : Memory regions updated for context APU
19:14:39 INFO  : Launch script is exported to file 'C:\Users\drpro\Downloads\YOLO2\YOLO\YOLO.sdk\.sdk\launch_scripts\xilinx_c-c++_application_(system_debugger)\system_debugger_using_debug_pr1.elf_on_local.tcl'
19:16:24 INFO  : Disconnected from the channel tcfchan#4.
19:16:27 INFO  : 'targets -set -filter {jtag_cable_name =~ "Xilinx TUL 1234-tulA" && level==0} -index 1' command is executed.
19:16:27 INFO  : 'fpga -state' command is executed.
19:16:27 INFO  : Connected to target on host '127.0.0.1' and port '3121'.
19:16:28 INFO  : Jtag cable 'Xilinx TUL 1234-tulA' is selected.
19:16:28 INFO  : 'jtag frequency' command is executed.
19:16:28 INFO  : Sourcing of 'C:/Users/drpro/Downloads/YOLO2/YOLO/YOLO.sdk/design_1_wrapper_hw_platform_0/ps7_init.tcl' is done.
19:16:28 INFO  : Context for 'APU' is selected.
19:16:28 INFO  : Hardware design information is loaded from 'C:/Users/drpro/Downloads/YOLO2/YOLO/YOLO.sdk/design_1_wrapper_hw_platform_0/system.hdf'.
19:16:28 INFO  : 'configparams force-mem-access 1' command is executed.
19:16:28 INFO  : Context for 'APU' is selected.
19:16:28 INFO  : 'stop' command is executed.
19:16:28 INFO  : 'ps7_init' command is executed.
19:16:28 INFO  : 'ps7_post_config' command is executed.
19:16:28 INFO  : 'configparams force-mem-access 0' command is executed.
19:16:28 INFO  : ----------------XSDB Script----------------
connect -url tcp:127.0.0.1:3121
source C:/Users/drpro/Downloads/YOLO2/YOLO/YOLO.sdk/design_1_wrapper_hw_platform_0/ps7_init.tcl
targets -set -nocase -filter {name =~"APU*" && jtag_cable_name =~ "Xilinx TUL 1234-tulA"} -index 0
loadhw -hw C:/Users/drpro/Downloads/YOLO2/YOLO/YOLO.sdk/design_1_wrapper_hw_platform_0/system.hdf -mem-ranges [list {0x40000000 0xbfffffff}]
configparams force-mem-access 1
targets -set -nocase -filter {name =~"APU*" && jtag_cable_name =~ "Xilinx TUL 1234-tulA"} -index 0
stop
ps7_init
ps7_post_config
configparams force-mem-access 0
----------------End of Script----------------

19:16:28 INFO  : Memory regions updated for context APU
19:16:28 INFO  : Launch script is exported to file 'C:\Users\drpro\Downloads\YOLO2\YOLO\YOLO.sdk\.sdk\launch_scripts\xilinx_c-c++_application_(system_debugger)\system_debugger_using_debug_pr1.elf_on_local.tcl'
19:17:01 INFO  : Disconnected from the channel tcfchan#5.
19:17:04 INFO  : 'targets -set -filter {jtag_cable_name =~ "Xilinx TUL 1234-tulA" && level==0} -index 1' command is executed.
19:17:04 INFO  : 'fpga -state' command is executed.
19:17:04 INFO  : Connected to target on host '127.0.0.1' and port '3121'.
19:17:05 INFO  : Jtag cable 'Xilinx TUL 1234-tulA' is selected.
19:17:05 INFO  : 'jtag frequency' command is executed.
19:17:05 INFO  : Sourcing of 'C:/Users/drpro/Downloads/YOLO2/YOLO/YOLO.sdk/design_1_wrapper_hw_platform_0/ps7_init.tcl' is done.
19:17:05 INFO  : Context for 'APU' is selected.
19:17:05 INFO  : Hardware design information is loaded from 'C:/Users/drpro/Downloads/YOLO2/YOLO/YOLO.sdk/design_1_wrapper_hw_platform_0/system.hdf'.
19:17:05 INFO  : 'configparams force-mem-access 1' command is executed.
19:17:05 INFO  : Context for 'APU' is selected.
19:17:05 INFO  : 'stop' command is executed.
19:17:05 INFO  : 'ps7_init' command is executed.
19:17:05 INFO  : 'ps7_post_config' command is executed.
19:17:05 INFO  : 'configparams force-mem-access 0' command is executed.
19:17:05 INFO  : ----------------XSDB Script----------------
connect -url tcp:127.0.0.1:3121
source C:/Users/drpro/Downloads/YOLO2/YOLO/YOLO.sdk/design_1_wrapper_hw_platform_0/ps7_init.tcl
targets -set -nocase -filter {name =~"APU*" && jtag_cable_name =~ "Xilinx TUL 1234-tulA"} -index 0
loadhw -hw C:/Users/drpro/Downloads/YOLO2/YOLO/YOLO.sdk/design_1_wrapper_hw_platform_0/system.hdf -mem-ranges [list {0x40000000 0xbfffffff}]
configparams force-mem-access 1
targets -set -nocase -filter {name =~"APU*" && jtag_cable_name =~ "Xilinx TUL 1234-tulA"} -index 0
stop
ps7_init
ps7_post_config
configparams force-mem-access 0
----------------End of Script----------------

19:17:05 INFO  : Memory regions updated for context APU
19:17:05 INFO  : Launch script is exported to file 'C:\Users\drpro\Downloads\YOLO2\YOLO\YOLO.sdk\.sdk\launch_scripts\xilinx_c-c++_application_(system_debugger)\system_debugger_using_debug_pr1.elf_on_local.tcl'
19:17:34 INFO  : Connected to target on host '127.0.0.1' and port '3121'.
19:17:34 INFO  : 'targets -set -filter {jtag_cable_name =~ "Xilinx TUL 1234-tulA" && level==0} -index 1' command is executed.
19:17:36 INFO  : FPGA configured successfully with bitstream "C:/Users/drpro/Downloads/YOLO2/YOLO/YOLO.sdk/design_1_wrapper_hw_platform_0/design_1_wrapper.bit"
19:17:41 INFO  : Disconnected from the channel tcfchan#6.
19:17:44 INFO  : 'targets -set -filter {jtag_cable_name =~ "Xilinx TUL 1234-tulA" && level==0} -index 1' command is executed.
19:17:44 INFO  : 'fpga -state' command is executed.
19:17:44 INFO  : Connected to target on host '127.0.0.1' and port '3121'.
19:17:44 INFO  : Jtag cable 'Xilinx TUL 1234-tulA' is selected.
19:17:44 INFO  : 'jtag frequency' command is executed.
19:17:44 INFO  : Sourcing of 'C:/Users/drpro/Downloads/YOLO2/YOLO/YOLO.sdk/design_1_wrapper_hw_platform_0/ps7_init.tcl' is done.
19:17:44 INFO  : Context for 'APU' is selected.
19:17:44 INFO  : Hardware design information is loaded from 'C:/Users/drpro/Downloads/YOLO2/YOLO/YOLO.sdk/design_1_wrapper_hw_platform_0/system.hdf'.
19:17:44 INFO  : 'configparams force-mem-access 1' command is executed.
19:17:44 INFO  : Context for 'APU' is selected.
19:17:44 INFO  : 'stop' command is executed.
19:17:45 INFO  : 'ps7_init' command is executed.
19:17:45 INFO  : 'ps7_post_config' command is executed.
19:17:45 INFO  : 'configparams force-mem-access 0' command is executed.
19:17:45 INFO  : ----------------XSDB Script----------------
connect -url tcp:127.0.0.1:3121
source C:/Users/drpro/Downloads/YOLO2/YOLO/YOLO.sdk/design_1_wrapper_hw_platform_0/ps7_init.tcl
targets -set -nocase -filter {name =~"APU*" && jtag_cable_name =~ "Xilinx TUL 1234-tulA"} -index 0
loadhw -hw C:/Users/drpro/Downloads/YOLO2/YOLO/YOLO.sdk/design_1_wrapper_hw_platform_0/system.hdf -mem-ranges [list {0x40000000 0xbfffffff}]
configparams force-mem-access 1
targets -set -nocase -filter {name =~"APU*" && jtag_cable_name =~ "Xilinx TUL 1234-tulA"} -index 0
stop
ps7_init
ps7_post_config
configparams force-mem-access 0
----------------End of Script----------------

19:17:45 INFO  : Memory regions updated for context APU
19:17:45 INFO  : Launch script is exported to file 'C:\Users\drpro\Downloads\YOLO2\YOLO\YOLO.sdk\.sdk\launch_scripts\xilinx_c-c++_application_(system_debugger)\system_debugger_using_debug_pr1.elf_on_local.tcl'
17:36:45 INFO  : Connected to target on host '127.0.0.1' and port '3121'.
17:36:45 INFO  : 'targets -set -filter {jtag_cable_name =~ "Xilinx TUL 1234-tulA" && level==0} -index 1' command is executed.
17:36:47 INFO  : FPGA configured successfully with bitstream "C:/Users/drpro/Downloads/YOLO2/YOLO/YOLO.sdk/design_1_wrapper_hw_platform_0/design_1_wrapper.bit"
17:36:52 INFO  : Disconnected from the channel tcfchan#7.
17:36:56 INFO  : 'targets -set -filter {jtag_cable_name =~ "Xilinx TUL 1234-tulA" && level==0} -index 1' command is executed.
17:36:56 INFO  : 'fpga -state' command is executed.
17:36:56 INFO  : Connected to target on host '127.0.0.1' and port '3121'.
17:36:56 INFO  : Jtag cable 'Xilinx TUL 1234-tulA' is selected.
17:36:56 INFO  : 'jtag frequency' command is executed.
17:36:56 INFO  : Sourcing of 'C:/Users/drpro/Downloads/YOLO2/YOLO/YOLO.sdk/design_1_wrapper_hw_platform_0/ps7_init.tcl' is done.
17:36:56 INFO  : Context for 'APU' is selected.
17:36:56 INFO  : Hardware design information is loaded from 'C:/Users/drpro/Downloads/YOLO2/YOLO/YOLO.sdk/design_1_wrapper_hw_platform_0/system.hdf'.
17:36:56 INFO  : 'configparams force-mem-access 1' command is executed.
17:36:56 INFO  : Context for 'APU' is selected.
17:36:56 INFO  : 'stop' command is executed.
17:36:57 INFO  : 'ps7_init' command is executed.
17:36:57 INFO  : 'ps7_post_config' command is executed.
17:36:57 INFO  : 'configparams force-mem-access 0' command is executed.
17:36:57 INFO  : ----------------XSDB Script----------------
connect -url tcp:127.0.0.1:3121
source C:/Users/drpro/Downloads/YOLO2/YOLO/YOLO.sdk/design_1_wrapper_hw_platform_0/ps7_init.tcl
targets -set -nocase -filter {name =~"APU*" && jtag_cable_name =~ "Xilinx TUL 1234-tulA"} -index 0
loadhw -hw C:/Users/drpro/Downloads/YOLO2/YOLO/YOLO.sdk/design_1_wrapper_hw_platform_0/system.hdf -mem-ranges [list {0x40000000 0xbfffffff}]
configparams force-mem-access 1
targets -set -nocase -filter {name =~"APU*" && jtag_cable_name =~ "Xilinx TUL 1234-tulA"} -index 0
stop
ps7_init
ps7_post_config
configparams force-mem-access 0
----------------End of Script----------------

17:36:57 INFO  : Memory regions updated for context APU
17:36:57 INFO  : Launch script is exported to file 'C:\Users\drpro\Downloads\YOLO2\YOLO\YOLO.sdk\.sdk\launch_scripts\xilinx_c-c++_application_(system_debugger)\system_debugger_using_debug_pr1.elf_on_local.tcl'
18:28:05 INFO  : Disconnected from the channel tcfchan#8.
